{"message":"Unathorized request to path: /","level":"error"}
{"message":"Unathorized request to path: /","level":"error"}
{"message":"Unathorized request to path: /","level":"error"}
{"message":"Unathorized request to path: /","level":"error"}
{"message":"Unathorized request to path: /","level":"error"}
{"message":"Unathorized request to path: /","level":"error"}
{"message":"Unathorized request to path: /","level":"error"}
{"message":"Unathorized request to path: /","level":"error"}
{"message":"Unathorized request to path: /","level":"error"}
{"message":"Unathorized request to path: /","level":"error"}
{"message":"Unathorized request to path: /","level":"error"}
{"message":"Title is required!","level":"error"}
{"message":"Title is required!","level":"error"}
{"message":"Title is required!","level":"error"}
{"message":"Title is required!","level":"error"}
{"message":"Title is required!","level":"error"}
{"message":"Title is required!","level":"error"}
{"message":"Title is required!","level":"error"}
{"message":"Bookmark with id ddae3a7f-3373-4baa-813c-09aa23b7a58e created!","level":"info"}
{"message":"Bookmark with id 96c91cac-82dc-4a6d-9b5b-16b9a80b3f1e created!","level":"info"}
{"message":"Bookmark with id 3 is not valid.","level":"error"}
{"message":"Bookmark with id 2 delete","level":"info"}
{"message":"Bookmark with id 2 delete","level":"info"}
{"message":"Bookmark with id 2 was not found.","level":"error"}
{"message":"URL is required!","level":"error"}
{"message":"URL is required!","level":"error"}
{"message":"Title is required!","level":"error"}
{"message":"URL is required!","level":"error"}
{"message":"URL is required!","level":"error"}
{"message":"rating must be between 0-5","level":"error"}
{"message":"Bookmark with id 168f39f8-d398-4f58-8c14-9e736949bca8 created!","level":"info"}
{"message":"Unathorized request to path: /bookmarks","level":"error"}
{"message":"Unathorized request to path: /bookmarks","level":"error"}
{"message":"Unathorized request to path: /bookmarks","level":"error"}
{"message":"Unathorized request to path: /bookmarks","level":"error"}
{"message":"Unathorized request to path: /bookmarks","level":"error"}
{"message":"Unathorized request to path: /bookmarks","level":"error"}
{"message":"Unathorized request to path: /bookmarks","level":"error"}
{"message":"Unathorized request to path: /","level":"error"}
{"message":"Unathorized request to path: /favicon.ico","level":"error"}
{"message":"Unathorized request to path: /","level":"error"}
{"message":"Unauthorized request to path: /articles","level":"error"}
{"message":"Unauthorized request to path: /articles","level":"error"}
{"message":"Unauthorized request to path: /articles","level":"error"}
{"message":"Unauthorized request to path: /bookmarks","level":"error"}
{"message":"Unauthorized request to path: /bookmarks","level":"error"}
{"message":"Unauthorized request to path: /bookmarks/e339fa92-1e29-4329-8d53-1bcba1928104","level":"error"}
{"message":"Unauthorized request to path: /bookmarks/e339fa92-1e29-4329-8d53-1bcba1928104","level":"error"}
{"message":"Unauthorized request to path: /bookmarks","level":"error"}
{"message":"Unauthorized request to path: /bookmarks","level":"error"}
{"message":"Unauthorized request to path: /bookmarks/123","level":"error"}
{"message":"Bookmark with id 123 not found.","level":"error"}
{"message":"Unauthorized request to path: /bookmarks/2","level":"error"}
{"message":"Unauthorized request to path: /articles","level":"error"}
{"message":"Unauthorized request to path: /bookmarks/e339fa92-1e29-4329-8d53-1bcba1928104","level":"error"}
{"message":"Unable to acquire a connection","level":"error"}
{"message":"Unauthorized request to path: /bookmarks/doesnt-exist","level":"error"}
{"message":"Unable to acquire a connection","level":"error"}
{"message":"Unauthorized request to path: /bookmarks","level":"error"}
{"message":"title is required","level":"error"}
{"message":"Unauthorized request to path: /bookmarks","level":"error"}
{"message":"url is required","level":"error"}
{"message":"Unauthorized request to path: /bookmarks","level":"error"}
{"message":"rating is required","level":"error"}
{"message":"Unauthorized request to path: /bookmarks","level":"error"}
{"message":"Invalid rating 'invalid' supplied","level":"error"}
{"message":"Unauthorized request to path: /bookmarks","level":"error"}
{"message":"Invalid url 'htp://invalid-url' supplied","level":"error"}
{"message":"Unauthorized request to path: /bookmarks","level":"error"}
{"message":"Unable to acquire a connection","level":"error"}
{"message":"Unauthorized request to path: /bookmarks","level":"error"}
{"message":"Unauthorized request to path: /bookmarks","level":"error"}
{"message":"Unauthorized request to path: /bookmarks/d2ab97e4-9ec1-419c-bf26-6a7847c5ead0","level":"error"}
{"message":"Unauthorized request to path: /bookmarks/d2ab97e4-9ec1-419c-bf26-6a7847c5ead0","level":"error"}
{"message":"Unauthorized request to path: /bookmarks","level":"error"}
{"message":"Unauthorized request to path: /bookmarks","level":"error"}
{"message":"Unauthorized request to path: /bookmarks/123","level":"error"}
{"message":"Bookmark with id 123 not found.","level":"error"}
{"message":"Unauthorized request to path: /bookmarks/2","level":"error"}
{"message":"Unauthorized request to path: /articles","level":"error"}
{"message":"Unauthorized request to path: /bookmarks/d2ab97e4-9ec1-419c-bf26-6a7847c5ead0","level":"error"}
{"message":"Unable to acquire a connection","level":"error"}
{"message":"Unauthorized request to path: /bookmarks/doesnt-exist","level":"error"}
{"message":"Unable to acquire a connection","level":"error"}
{"message":"Unauthorized request to path: /bookmarks","level":"error"}
{"message":"title is required","level":"error"}
{"message":"Unauthorized request to path: /bookmarks","level":"error"}
{"message":"url is required","level":"error"}
{"message":"Unauthorized request to path: /bookmarks","level":"error"}
{"message":"rating is required","level":"error"}
{"message":"Unauthorized request to path: /bookmarks","level":"error"}
{"message":"Invalid rating 'invalid' supplied","level":"error"}
{"message":"Unauthorized request to path: /bookmarks","level":"error"}
{"message":"Invalid url 'htp://invalid-url' supplied","level":"error"}
{"message":"Unauthorized request to path: /bookmarks","level":"error"}
{"message":"Unable to acquire a connection","level":"error"}
{"message":"Unauthorized request to path: /bookmarks","level":"error"}
{"message":"Unauthorized request to path: /bookmarks","level":"error"}
{"message":"Unauthorized request to path: /bookmarks/2","level":"error"}
{"message":"Unauthorized request to path: /bookmarks/2","level":"error"}
{"message":"Unauthorized request to path: /bookmarks","level":"error"}
{"message":"Unauthorized request to path: /bookmarks","level":"error"}
{"message":"Unauthorized request to path: /bookmarks","level":"error"}
{"message":"Unauthorized request to path: /bookmarks/123","level":"error"}
{"message":"Bookmark with id 123 not found.","level":"error"}
{"message":"Unauthorized request to path: /bookmarks/2","level":"error"}
{"message":"Unauthorized request to path: /bookmarks/911","level":"error"}
{"message":"Unauthorized request to path: /bookmarks/123","level":"error"}
{"message":"Bookmark with id 123 not found.","level":"error"}
{"message":"Unauthorized request to path: /bookmarks/2","level":"error"}
{"message":"Bookmark with id 2 deleted.","level":"info"}
{"message":"Unauthorized request to path: /bookmarks","level":"error"}
{"message":"Unauthorized request to path: /bookmarks","level":"error"}
{"message":"title is required","level":"error"}
{"message":"Unauthorized request to path: /bookmarks","level":"error"}
{"message":"url is required","level":"error"}
{"message":"Unauthorized request to path: /bookmarks","level":"error"}
{"message":"rating is required","level":"error"}
{"message":"Unauthorized request to path: /bookmarks","level":"error"}
{"message":"Invalid rating 'invalid' supplied","level":"error"}
{"message":"Unauthorized request to path: /bookmarks","level":"error"}
{"message":"Invalid url 'htp://invalid-url' supplied","level":"error"}
{"message":"Unauthorized request to path: /bookmarks","level":"error"}
{"message":"Bookmark with id 1 created.","level":"info"}
{"message":"Unauthorized request to path: /bookmarks/1","level":"error"}
{"message":"Unauthorized request to path: /bookmarks","level":"error"}
{"message":"Bookmark with id 1 created.","level":"info"}
{"message":"Unauthorized request to path: /bookmarks","level":"error"}
{"message":"Unauthorized request to path: /bookmarks","level":"error"}
{"message":"Unauthorized request to path: /bookmarks/2","level":"error"}
{"message":"Unauthorized request to path: /bookmarks/2","level":"error"}
{"message":"Unauthorized request to path: /bookmarks","level":"error"}
{"message":"Unauthorized request to path: /bookmarks","level":"error"}
{"message":"Unauthorized request to path: /bookmarks","level":"error"}
{"message":"Unauthorized request to path: /bookmarks/123","level":"error"}
{"message":"Bookmark with id 123 not found.","level":"error"}
{"message":"Unauthorized request to path: /bookmarks/2","level":"error"}
{"message":"Unauthorized request to path: /bookmarks/911","level":"error"}
{"message":"Unauthorized request to path: /bookmarks/123","level":"error"}
{"message":"Bookmark with id 123 not found.","level":"error"}
{"message":"Unauthorized request to path: /bookmarks/2","level":"error"}
{"message":"Bookmark with id 2 deleted.","level":"info"}
{"message":"Unauthorized request to path: /bookmarks","level":"error"}
{"message":"Unauthorized request to path: /bookmarks","level":"error"}
{"message":"title is required","level":"error"}
{"message":"Unauthorized request to path: /bookmarks","level":"error"}
{"message":"url is required","level":"error"}
{"message":"Unauthorized request to path: /bookmarks","level":"error"}
{"message":"rating is required","level":"error"}
{"message":"Unauthorized request to path: /bookmarks","level":"error"}
{"message":"Invalid rating 'invalid' supplied","level":"error"}
{"message":"Unauthorized request to path: /bookmarks","level":"error"}
{"message":"Invalid url 'htp://invalid-url' supplied","level":"error"}
{"message":"Unauthorized request to path: /bookmarks","level":"error"}
{"message":"Bookmark with id 1 created.","level":"info"}
{"message":"Unauthorized request to path: /bookmarks/1","level":"error"}
{"message":"Unauthorized request to path: /bookmarks","level":"error"}
{"message":"Bookmark with id 1 created.","level":"info"}
